<?xml version="1.0" encoding="UTF-8"?>
<testsuite name="kmw.utilities.core.structs.PeekingStackInjectorTest" tests="1" skipped="0" failures="1" errors="0" timestamp="2018-11-08T08:38:59" hostname="TITAN3" time="0.0">
  <properties/>
  <testcase name="classMethod" classname="kmw.utilities.core.structs.PeekingStackInjectorTest" time="0.0">
    <failure message="com.google.common.util.concurrent.UncheckedExecutionException: java.lang.IllegalStateException: Unable to load cache item" type="com.google.common.util.concurrent.UncheckedExecutionException">com.google.common.util.concurrent.UncheckedExecutionException: java.lang.IllegalStateException: Unable to load cache item
	at com.google.common@26.0-jre/com.google.common.cache.LocalCache$Segment.get(LocalCache.java:2050)
	at com.google.common@26.0-jre/com.google.common.cache.LocalCache.get(LocalCache.java:3952)
	at com.google.common@26.0-jre/com.google.common.cache.LocalCache.getOrLoad(LocalCache.java:3974)
	at com.google.common@26.0-jre/com.google.common.cache.LocalCache$LocalLoadingCache.get(LocalCache.java:4958)
	at com.google.common@26.0-jre/com.google.common.cache.LocalCache$LocalLoadingCache.getUnchecked(LocalCache.java:4964)
	at com.google.guice@4.2.2/com.google.inject.internal.FailableCache.get(FailableCache.java:51)
	at com.google.guice@4.2.2/com.google.inject.internal.ConstructorInjectorStore.get(ConstructorInjectorStore.java:48)
	at com.google.guice@4.2.2/com.google.inject.internal.ConstructorBindingImpl.initialize(ConstructorBindingImpl.java:155)
	at com.google.guice@4.2.2/com.google.inject.internal.InjectorImpl.initializeJitBinding(InjectorImpl.java:595)
	at com.google.guice@4.2.2/com.google.inject.internal.InjectorImpl.createJustInTimeBinding(InjectorImpl.java:932)
	at com.google.guice@4.2.2/com.google.inject.internal.InjectorImpl.createJustInTimeBindingRecursive(InjectorImpl.java:852)
	at com.google.guice@4.2.2/com.google.inject.internal.InjectorImpl.getJustInTimeBinding(InjectorImpl.java:291)
	at com.google.guice@4.2.2/com.google.inject.internal.InjectorImpl.getBindingOrThrow(InjectorImpl.java:222)
	at com.google.guice@4.2.2/com.google.inject.internal.InjectorImpl.getInternalFactory(InjectorImpl.java:938)
	at com.google.guice@4.2.2/com.google.inject.internal.FactoryProxy.notify(FactoryProxy.java:48)
	at com.google.guice@4.2.2/com.google.inject.internal.ProcessedBindingData.runCreationListeners(ProcessedBindingData.java:60)
	at com.google.guice@4.2.2/com.google.inject.internal.InternalInjectorCreator.initializeStatically(InternalInjectorCreator.java:133)
	at com.google.guice@4.2.2/com.google.inject.internal.InternalInjectorCreator.build(InternalInjectorCreator.java:106)
	at com.google.guice@4.2.2/com.google.inject.Guice.createInjector(Guice.java:87)
	at com.google.guice@4.2.2/com.google.inject.Guice.createInjector(Guice.java:69)
	at com.google.guice@4.2.2/com.google.inject.Guice.createInjector(Guice.java:59)
	at kmw.utilities.core/kmw.utilities.core.structs.PeekingStackInjectorTest.setUp(PeekingStackInjectorTest.java:19)
	at java.base/jdk.internal.reflect.NativeMethodAccessorImpl.invoke0(Native Method)
	at java.base/jdk.internal.reflect.NativeMethodAccessorImpl.invoke(NativeMethodAccessorImpl.java:62)
	at java.base/jdk.internal.reflect.DelegatingMethodAccessorImpl.invoke(DelegatingMethodAccessorImpl.java:43)
	at java.base/java.lang.reflect.Method.invoke(Method.java:566)
	at junit@4.12/org.junit.runners.model.FrameworkMethod$1.runReflectiveCall(FrameworkMethod.java:50)
	at junit@4.12/org.junit.internal.runners.model.ReflectiveCallable.run(ReflectiveCallable.java:12)
	at junit@4.12/org.junit.runners.model.FrameworkMethod.invokeExplosively(FrameworkMethod.java:47)
	at junit@4.12/org.junit.internal.runners.statements.RunBefores.evaluate(RunBefores.java:24)
	at junit@4.12/org.junit.runners.ParentRunner.run(ParentRunner.java:363)
	at junit@4.12/org.junit.runner.JUnitCore.run(JUnitCore.java:137)
	at junit@4.12/org.junit.runner.JUnitCore.run(JUnitCore.java:115)
	at org.junit.vintage.engine@5.1.0/org.junit.vintage.engine.execution.RunnerExecutor.execute(RunnerExecutor.java:39)
	at java.base/java.util.stream.ForEachOps$ForEachOp$OfRef.accept(ForEachOps.java:183)
	at java.base/java.util.stream.ReferencePipeline$3$1.accept(ReferencePipeline.java:195)
	at java.base/java.util.Iterator.forEachRemaining(Iterator.java:133)
	at java.base/java.util.Spliterators$IteratorSpliterator.forEachRemaining(Spliterators.java:1801)
	at java.base/java.util.stream.AbstractPipeline.copyInto(AbstractPipeline.java:484)
	at java.base/java.util.stream.AbstractPipeline.wrapAndCopyInto(AbstractPipeline.java:474)
	at java.base/java.util.stream.ForEachOps$ForEachOp.evaluateSequential(ForEachOps.java:150)
	at java.base/java.util.stream.ForEachOps$ForEachOp$OfRef.evaluateSequential(ForEachOps.java:173)
	at java.base/java.util.stream.AbstractPipeline.evaluate(AbstractPipeline.java:234)
	at java.base/java.util.stream.ReferencePipeline.forEach(ReferencePipeline.java:497)
	at org.junit.vintage.engine@5.1.0/org.junit.vintage.engine.VintageTestEngine.executeAllChildren(VintageTestEngine.java:79)
	at org.junit.vintage.engine@5.1.0/org.junit.vintage.engine.VintageTestEngine.execute(VintageTestEngine.java:70)
	at org.junit.platform.launcher.core.DefaultLauncher.execute(DefaultLauncher.java:170)
	at org.junit.platform.launcher.core.DefaultLauncher.execute(DefaultLauncher.java:154)
	at org.junit.platform.launcher.core.DefaultLauncher.execute(DefaultLauncher.java:90)
	at org.gradle.api.internal.tasks.testing.junitplatform.JUnitPlatformTestClassProcessor$CollectAllTestClassesExecutor.processAllTestClasses(JUnitPlatformTestClassProcessor.java:92)
	at org.gradle.api.internal.tasks.testing.junitplatform.JUnitPlatformTestClassProcessor$CollectAllTestClassesExecutor.access$100(JUnitPlatformTestClassProcessor.java:77)
	at org.gradle.api.internal.tasks.testing.junitplatform.JUnitPlatformTestClassProcessor.stop(JUnitPlatformTestClassProcessor.java:73)
	at org.gradle.api.internal.tasks.testing.SuiteTestClassProcessor.stop(SuiteTestClassProcessor.java:61)
	at java.base/jdk.internal.reflect.NativeMethodAccessorImpl.invoke0(Native Method)
	at java.base/jdk.internal.reflect.NativeMethodAccessorImpl.invoke(NativeMethodAccessorImpl.java:62)
	at java.base/jdk.internal.reflect.DelegatingMethodAccessorImpl.invoke(DelegatingMethodAccessorImpl.java:43)
	at java.base/java.lang.reflect.Method.invoke(Method.java:566)
	at org.gradle.internal.dispatch.ReflectionDispatch.dispatch(ReflectionDispatch.java:35)
	at org.gradle.internal.dispatch.ReflectionDispatch.dispatch(ReflectionDispatch.java:24)
	at org.gradle.internal.dispatch.ContextClassLoaderDispatch.dispatch(ContextClassLoaderDispatch.java:32)
	at org.gradle.internal.dispatch.ProxyDispatchAdapter$DispatchingInvocationHandler.invoke(ProxyDispatchAdapter.java:93)
	at com.sun.proxy.$Proxy2.stop(Unknown Source)
	at org.gradle.api.internal.tasks.testing.worker.TestWorker.stop(TestWorker.java:131)
	at java.base/jdk.internal.reflect.NativeMethodAccessorImpl.invoke0(Native Method)
	at java.base/jdk.internal.reflect.NativeMethodAccessorImpl.invoke(NativeMethodAccessorImpl.java:62)
	at java.base/jdk.internal.reflect.DelegatingMethodAccessorImpl.invoke(DelegatingMethodAccessorImpl.java:43)
	at java.base/java.lang.reflect.Method.invoke(Method.java:566)
	at org.gradle.internal.dispatch.ReflectionDispatch.dispatch(ReflectionDispatch.java:35)
	at org.gradle.internal.dispatch.ReflectionDispatch.dispatch(ReflectionDispatch.java:24)
	at org.gradle.internal.remote.internal.hub.MessageHubBackedObjectConnection$DispatchWrapper.dispatch(MessageHubBackedObjectConnection.java:155)
	at org.gradle.internal.remote.internal.hub.MessageHubBackedObjectConnection$DispatchWrapper.dispatch(MessageHubBackedObjectConnection.java:137)
	at org.gradle.internal.remote.internal.hub.MessageHub$Handler.run(MessageHub.java:404)
	at org.gradle.internal.concurrent.ExecutorPolicy$CatchAndRecordFailures.onExecute(ExecutorPolicy.java:63)
	at org.gradle.internal.concurrent.ManagedExecutorImpl$1.run(ManagedExecutorImpl.java:46)
	at java.base/java.util.concurrent.ThreadPoolExecutor.runWorker(ThreadPoolExecutor.java:1128)
	at java.base/java.util.concurrent.ThreadPoolExecutor$Worker.run(ThreadPoolExecutor.java:628)
	at org.gradle.internal.concurrent.ThreadFactoryImpl$ManagedThreadRunnable.run(ThreadFactoryImpl.java:55)
	at java.base/java.lang.Thread.run(Thread.java:834)
Caused by: java.lang.IllegalStateException: Unable to load cache item
	at com.google.guice@4.2.2/com.google.inject.internal.cglib.core.internal.$LoadingCache.createEntry(LoadingCache.java:79)
	at com.google.guice@4.2.2/com.google.inject.internal.cglib.core.internal.$LoadingCache.get(LoadingCache.java:34)
	at com.google.guice@4.2.2/com.google.inject.internal.cglib.core.$AbstractClassGenerator$ClassLoaderData.get(AbstractClassGenerator.java:116)
	at com.google.guice@4.2.2/com.google.inject.internal.cglib.core.$AbstractClassGenerator.create(AbstractClassGenerator.java:291)
	at com.google.guice@4.2.2/com.google.inject.internal.cglib.reflect.$FastClass$Generator.create(FastClass.java:65)
	at com.google.guice@4.2.2/com.google.inject.internal.BytecodeGen.newFastClassForMember(BytecodeGen.java:258)
	at com.google.guice@4.2.2/com.google.inject.internal.BytecodeGen.newFastClassForMember(BytecodeGen.java:207)
	at com.google.guice@4.2.2/com.google.inject.internal.DefaultConstructionProxyFactory.create(DefaultConstructionProxyFactory.java:49)
	at com.google.guice@4.2.2/com.google.inject.internal.ProxyFactory.create(ProxyFactory.java:156)
	at com.google.guice@4.2.2/com.google.inject.internal.ConstructorInjectorStore.createConstructor(ConstructorInjectorStore.java:92)
	at com.google.guice@4.2.2/com.google.inject.internal.ConstructorInjectorStore.access$000(ConstructorInjectorStore.java:29)
	at com.google.guice@4.2.2/com.google.inject.internal.ConstructorInjectorStore$1.create(ConstructorInjectorStore.java:37)
	at com.google.guice@4.2.2/com.google.inject.internal.ConstructorInjectorStore$1.create(ConstructorInjectorStore.java:33)
	at com.google.guice@4.2.2/com.google.inject.internal.FailableCache$1.load(FailableCache.java:40)
	at com.google.common@26.0-jre/com.google.common.cache.LocalCache$LoadingValueReference.loadFuture(LocalCache.java:3528)
	at com.google.common@26.0-jre/com.google.common.cache.LocalCache$Segment.loadSync(LocalCache.java:2277)
	at com.google.common@26.0-jre/com.google.common.cache.LocalCache$Segment.lockedGetOrLoad(LocalCache.java:2154)
	at com.google.common@26.0-jre/com.google.common.cache.LocalCache$Segment.get(LocalCache.java:2044)
	... 77 more
Caused by: java.lang.ExceptionInInitializerError
	at com.google.guice@4.2.2/com.google.inject.internal.cglib.core.$DuplicatesPredicate.evaluate(DuplicatesPredicate.java:104)
	at com.google.guice@4.2.2/com.google.inject.internal.cglib.core.$CollectionUtils.filter(CollectionUtils.java:52)
	at com.google.guice@4.2.2/com.google.inject.internal.cglib.reflect.$FastClassEmitter.&lt;init&gt;(FastClassEmitter.java:69)
	at com.google.guice@4.2.2/com.google.inject.internal.cglib.reflect.$FastClass$Generator.generateClass(FastClass.java:77)
	at com.google.guice@4.2.2/com.google.inject.internal.cglib.core.$DefaultGeneratorStrategy.generate(DefaultGeneratorStrategy.java:25)
	at com.google.guice@4.2.2/com.google.inject.internal.cglib.core.$AbstractClassGenerator.generate(AbstractClassGenerator.java:329)
	at com.google.guice@4.2.2/com.google.inject.internal.cglib.core.$AbstractClassGenerator$ClassLoaderData$3.apply(AbstractClassGenerator.java:93)
	at com.google.guice@4.2.2/com.google.inject.internal.cglib.core.$AbstractClassGenerator$ClassLoaderData$3.apply(AbstractClassGenerator.java:91)
	at com.google.guice@4.2.2/com.google.inject.internal.cglib.core.internal.$LoadingCache$2.call(LoadingCache.java:54)
	at java.base/java.util.concurrent.FutureTask.run(FutureTask.java:264)
	at com.google.guice@4.2.2/com.google.inject.internal.cglib.core.internal.$LoadingCache.createEntry(LoadingCache.java:61)
	... 94 more
Caused by: com.google.inject.internal.cglib.core.$CodeGenerationException: java.lang.reflect.InaccessibleObjectException--&gt;Unable to make protected final java.lang.Class java.lang.ClassLoader.defineClass(java.lang.String,byte[],int,int,java.security.ProtectionDomain) throws java.lang.ClassFormatError accessible: module java.base does not &quot;opens java.lang&quot; to module com.google.guice
	at com.google.guice@4.2.2/com.google.inject.internal.cglib.core.$ReflectUtils.defineClass(ReflectUtils.java:464)
	at com.google.guice@4.2.2/com.google.inject.internal.cglib.core.$AbstractClassGenerator.generate(AbstractClassGenerator.java:336)
	at com.google.guice@4.2.2/com.google.inject.internal.cglib.core.$AbstractClassGenerator$ClassLoaderData$3.apply(AbstractClassGenerator.java:93)
	at com.google.guice@4.2.2/com.google.inject.internal.cglib.core.$AbstractClassGenerator$ClassLoaderData$3.apply(AbstractClassGenerator.java:91)
	at com.google.guice@4.2.2/com.google.inject.internal.cglib.core.internal.$LoadingCache$2.call(LoadingCache.java:54)
	at java.base/java.util.concurrent.FutureTask.run(FutureTask.java:264)
	at com.google.guice@4.2.2/com.google.inject.internal.cglib.core.internal.$LoadingCache.createEntry(LoadingCache.java:61)
	at com.google.guice@4.2.2/com.google.inject.internal.cglib.core.internal.$LoadingCache.get(LoadingCache.java:34)
	at com.google.guice@4.2.2/com.google.inject.internal.cglib.core.$AbstractClassGenerator$ClassLoaderData.get(AbstractClassGenerator.java:116)
	at com.google.guice@4.2.2/com.google.inject.internal.cglib.core.$AbstractClassGenerator.create(AbstractClassGenerator.java:291)
	at com.google.guice@4.2.2/com.google.inject.internal.cglib.core.$KeyFactory$Generator.create(KeyFactory.java:221)
	at com.google.guice@4.2.2/com.google.inject.internal.cglib.core.$KeyFactory.create(KeyFactory.java:174)
	at com.google.guice@4.2.2/com.google.inject.internal.cglib.core.$KeyFactory.create(KeyFactory.java:157)
	at com.google.guice@4.2.2/com.google.inject.internal.cglib.core.$KeyFactory.create(KeyFactory.java:149)
	at com.google.guice@4.2.2/com.google.inject.internal.cglib.core.$KeyFactory.create(KeyFactory.java:145)
	at com.google.guice@4.2.2/com.google.inject.internal.cglib.core.$MethodWrapper.&lt;clinit&gt;(MethodWrapper.java:23)
	... 105 more
Caused by: java.lang.reflect.InaccessibleObjectException: Unable to make protected final java.lang.Class java.lang.ClassLoader.defineClass(java.lang.String,byte[],int,int,java.security.ProtectionDomain) throws java.lang.ClassFormatError accessible: module java.base does not &quot;opens java.lang&quot; to module com.google.guice
	at java.base/java.lang.reflect.AccessibleObject.checkCanSetAccessible(AccessibleObject.java:340)
	at java.base/java.lang.reflect.AccessibleObject.checkCanSetAccessible(AccessibleObject.java:280)
	at java.base/java.lang.reflect.Method.checkCanSetAccessible(Method.java:198)
	at java.base/java.lang.reflect.Method.setAccessible(Method.java:192)
	at com.google.guice@4.2.2/com.google.inject.internal.cglib.core.$ReflectUtils$1.run(ReflectUtils.java:61)
	at java.base/java.security.AccessController.doPrivileged(Native Method)
	at com.google.guice@4.2.2/com.google.inject.internal.cglib.core.$ReflectUtils.&lt;clinit&gt;(ReflectUtils.java:52)
	at com.google.guice@4.2.2/com.google.inject.internal.cglib.reflect.$FastClassEmitter.&lt;init&gt;(FastClassEmitter.java:67)
	... 102 more
</failure>
  </testcase>
  <system-out><![CDATA[]]></system-out>
  <system-err><![CDATA[]]></system-err>
</testsuite>
