<?xml version="1.0" encoding="UTF-8"?>
<testsuite name="kmw.utilities.core.services.ServicesManagerTest" tests="3" skipped="0" failures="0" errors="0" timestamp="2018-11-08T08:39:00" hostname="TITAN3" time="0.035">
  <properties/>
  <testcase name="getNamedOrFail()" classname="kmw.utilities.core.services.ServicesManagerTest" time="0.019"/>
  <testcase name="getSingleOrFail()" classname="kmw.utilities.core.services.ServicesManagerTest" time="0.003"/>
  <testcase name="getDefaultOrFail()" classname="kmw.utilities.core.services.ServicesManagerTest" time="0.003"/>
  <system-out><![CDATA[]]></system-out>
  <system-err><![CDATA[]]></system-err>
</testsuite>
